  Project2.cpp
D:\新建文件夹\C++\source\repos\Project1\Project2\Project2.h(3,1): warning C4005: “_WIN32_WINNT”: 宏重定义
C:\Program Files (x86)\Windows Kits\10\Include\10.0.22000.0\shared\sdkddkver.h(223): message : 参见“_WIN32_WINNT”的前一个定义
D:\新建文件夹\C++\source\repos\Project1\Project2\Project2.h(4,1): warning C4005: “STRICT”: 宏重定义
C:\Program Files (x86)\Windows Kits\10\Include\10.0.22000.0\shared\minwindef.h(23): message : 参见“STRICT”的前一个定义
D:\新建文件夹\C++\source\repos\Project1\Project2\Project2.cpp(38,5): warning C4996: 'strcpy': This function or variable may be unsafe. Consider using strcpy_s instead. To disable deprecation, use _CRT_SECURE_NO_WARNINGS. See online help for details.
D:\新建文件夹\C++\source\repos\Project1\Project2\Project2.cpp(49,5): warning C4996: 'strcpy': This function or variable may be unsafe. Consider using strcpy_s instead. To disable deprecation, use _CRT_SECURE_NO_WARNINGS. See online help for details.
D:\新建文件夹\C++\source\repos\Project1\Project2\Project2.cpp(85,16): warning C4996: 'fopen': This function or variable may be unsafe. Consider using fopen_s instead. To disable deprecation, use _CRT_SECURE_NO_WARNINGS. See online help for details.
D:\新建文件夹\C++\source\repos\Project1\Project2\Project2.cpp(239,9): warning C4996: 'strcpy': This function or variable may be unsafe. Consider using strcpy_s instead. To disable deprecation, use _CRT_SECURE_NO_WARNINGS. See online help for details.
D:\新建文件夹\C++\source\repos\Project1\Project2\Project2.cpp(326,51): warning C4066: 宽字符常量的第一个字符之外的字符被忽略
D:\新建文件夹\C++\source\repos\Project1\Project2\Project2.cpp(326,48): warning C4838: 从“char”转换到“wchar_t”需要收缩转换
D:\新建文件夹\C++\source\repos\Project1\Project2\Project2.cpp(337,37): warning C4066: 宽字符常量的第一个字符之外的字符被忽略
D:\新建文件夹\C++\source\repos\Project1\Project2\Project2.cpp(405,15): warning C4996: 'fopen': This function or variable may be unsafe. Consider using fopen_s instead. To disable deprecation, use _CRT_SECURE_NO_WARNINGS. See online help for details.
D:\新建文件夹\C++\source\repos\Project1\Project2\Project2.cpp(533,1): warning C4297: “pr::IsRunAsAdministrator”: 假定函数不引发异常，但确实发生了
D:\新建文件夹\C++\source\repos\Project1\Project2\Project2.cpp(533,1): message : 在函数上指定了 __declspec(nothrow)、throw()、noexcept(true)或 noexcept
D:\新建文件夹\C++\source\repos\Project1\Project2\Project2.cpp(545,36): warning C4066: 宽字符常量的第一个字符之外的字符被忽略
D:\新建文件夹\C++\source\repos\Project1\Project2\Project2.cpp(545,59): warning C4066: 宽字符常量的第一个字符之外的字符被忽略
D:\新建文件夹\C++\source\repos\Project1\Project2\Project2.cpp(545,71): warning C4066: 宽字符常量的第一个字符之外的字符被忽略
D:\新建文件夹\C++\source\repos\Project1\Project2\Project2.cpp(545,83): warning C4066: 宽字符常量的第一个字符之外的字符被忽略
D:\新建文件夹\C++\source\repos\Project1\Project2\Project2.cpp(545,95): warning C4066: 宽字符常量的第一个字符之外的字符被忽略
D:\新建文件夹\C++\source\repos\Project1\Project2\Project2.cpp(585,42): warning C4267: “=”: 从“size_t”转换到“USHORT”，可能丢失数据
D:\新建文件夹\C++\source\repos\Project1\Project2\Project2.cpp(589,44): warning C4267: “=”: 从“size_t”转换到“USHORT”，可能丢失数据
    正在创建库 D:\新建文件夹\C++\source\repos\Project1\Release\Project2.lib 和对象 D:\新建文件夹\C++\source\repos\Project1\Release\Project2.exp
  正在生成代码
  1 of 441 functions ( 0.2%) were compiled, the rest were copied from previous compilation.
    0 functions were new in current compilation
    1 functions had inline decision re-evaluated but remain unchanged
  已完成代码的生成
  Project2.vcxproj -> D:\新建文件夹\C++\source\repos\Project1\Release\Project2.dll
